TN:
SF:/home/asmaa/projects/instabug/vue-todos/src/App.vue
FNF:0
FNH:0
DA:8,0
LF:1
LH:0
BRF:0
BRH:0
end_of_record
TN:
SF:/home/asmaa/projects/instabug/vue-todos/src/components/Todo.vue
FN:34,(anonymous_1)
FN:45,(anonymous_2)
FN:51,(anonymous_3)
FN:54,(anonymous_4)
FNF:4
FNH:1
FNDA:3,(anonymous_1)
FNDA:0,(anonymous_2)
FNDA:0,(anonymous_3)
FNDA:0,(anonymous_4)
DA:35,3
DA:46,0
DA:47,0
DA:49,0
DA:50,0
DA:51,0
DA:55,0
DA:56,0
LF:8
LH:1
BRDA:46,0,0,0
BRDA:46,0,1,0
BRF:2
BRH:0
end_of_record
TN:
SF:/home/asmaa/projects/instabug/vue-todos/src/components/TodoList.vue
FN:38,(anonymous_1)
FN:44,(anonymous_2)
FN:45,(anonymous_3)
FN:52,(anonymous_6)
FN:54,(anonymous_7)
FN:59,(anonymous_8)
FN:67,(anonymous_9)
FN:70,(anonymous_10)
FN:77,(anonymous_12)
FN:78,(anonymous_13)
FN:83,(anonymous_15)
FN:86,(anonymous_16)
FN:94,(anonymous_17)
FNF:13
FNH:3
FNDA:1,(anonymous_1)
FNDA:1,(anonymous_2)
FNDA:0,(anonymous_3)
FNDA:0,(anonymous_6)
FNDA:0,(anonymous_7)
FNDA:0,(anonymous_8)
FNDA:0,(anonymous_9)
FNDA:0,(anonymous_10)
FNDA:0,(anonymous_12)
FNDA:0,(anonymous_13)
FNDA:0,(anonymous_15)
FNDA:0,(anonymous_16)
FNDA:1,(anonymous_17)
DA:30,1
DA:31,1
DA:32,1
DA:39,1
DA:45,1
DA:53,0
DA:54,0
DA:59,0
DA:68,0
DA:69,0
DA:70,0
DA:78,0
DA:85,0
DA:86,0
DA:95,1
LF:15
LH:6
BRF:0
BRH:0
end_of_record
TN:
SF:/home/asmaa/projects/instabug/vue-todos/src/router/index.js
FNF:0
FNH:0
DA:6,0
DA:8,0
DA:21,0
LF:3
LH:0
BRF:0
BRH:0
end_of_record
TN:
SF:/home/asmaa/projects/instabug/vue-todos/src/views/DoneTodos.vue
FN:34,(anonymous_1)
FN:39,(anonymous_2)
FN:40,(anonymous_3)
FNF:3
FNH:0
FNDA:0,(anonymous_1)
FNDA:0,(anonymous_2)
FNDA:0,(anonymous_3)
DA:26,0
DA:27,0
DA:35,0
DA:40,0
LF:4
LH:0
BRF:0
BRH:0
end_of_record
TN:
SF:/home/asmaa/projects/instabug/vue-todos/src/views/Home.vue
FNF:0
FNH:0
DA:8,0
LF:1
LH:0
BRF:0
BRH:0
end_of_record
